[28dec.2024 17:11:25.666] [main/INFO] [cpw.mods.modlauncher.Launcher/MODLAUNCHER]: ModLauncher running: args [--launchTarget, forgedatauserdev, --assetIndex, 5, --assetsDir, C:\Users\aidan\.gradle\caches\forge_gradle\assets, --gameDir, ., --fml.forgeVersion, 47.3.0, --fml.mcVersion, 1.20.1, --fml.forgeGroup, net.minecraftforge, --fml.mcpVersion, 20230612.114412, --mod, pizzadelight, --all, --output, D:\OneDrive\Documenten\GitHub\Pizza-Delight-Forge\src\generated\resources, --existing, D:\OneDrive\Documenten\GitHub\Pizza-Delight-Forge\src\main\resources]
[28dec.2024 17:11:25.669] [main/INFO] [cpw.mods.modlauncher.Launcher/MODLAUNCHER]: ModLauncher 10.0.9+10.0.9+main.dcd20f30 starting: java version 17.0.12 by Amazon.com Inc.; OS Windows 11 arch amd64 version 10.0
[28dec.2024 17:11:25.755] [main/INFO] [net.minecraftforge.fml.loading.ImmediateWindowHandler/]: ImmediateWindowProvider not loading because launch target is forgedatauserdev
[28dec.2024 17:11:25.789] [main/INFO] [mixin/]: SpongePowered MIXIN Subsystem Version=0.8.5 Source=union:/C:/Users/aidan/.gradle/caches/modules-2/files-2.1/org.spongepowered/mixin/0.8.5/9d1c0c3a304ae6697ecd477218fa61b850bf57fc/mixin-0.8.5.jar%23128!/ Service=ModLauncher Env=CLIENT
[28dec.2024 17:11:26.014] [main/WARN] [net.minecraftforge.fml.loading.moddiscovery.ModFileParser/LOADING]: Mod file C:\Users\aidan\.gradle\caches\modules-2\files-2.1\net.minecraftforge\javafmllanguage\1.20.1-47.3.0\d7ebc62120f202109e300e084ca1a31a7b946a62\javafmllanguage-1.20.1-47.3.0.jar is missing mods.toml file
[28dec.2024 17:11:26.017] [main/WARN] [net.minecraftforge.fml.loading.moddiscovery.ModFileParser/LOADING]: Mod file C:\Users\aidan\.gradle\caches\modules-2\files-2.1\net.minecraftforge\lowcodelanguage\1.20.1-47.3.0\1bf3e845ea0ce750096da8c71c8364b188ab74d4\lowcodelanguage-1.20.1-47.3.0.jar is missing mods.toml file
[28dec.2024 17:11:26.021] [main/WARN] [net.minecraftforge.fml.loading.moddiscovery.ModFileParser/LOADING]: Mod file C:\Users\aidan\.gradle\caches\modules-2\files-2.1\net.minecraftforge\mclanguage\1.20.1-47.3.0\6093682e943ddccbabf70539319d7f2fe64db2e7\mclanguage-1.20.1-47.3.0.jar is missing mods.toml file
[28dec.2024 17:11:26.024] [main/WARN] [net.minecraftforge.fml.loading.moddiscovery.ModFileParser/LOADING]: Mod file C:\Users\aidan\.gradle\caches\modules-2\files-2.1\net.minecraftforge\fmlcore\1.20.1-47.3.0\3b6be96aba3e323f3c918e8ef6a96312d82d76ad\fmlcore-1.20.1-47.3.0.jar is missing mods.toml file
[28dec.2024 17:11:26.158] [main/INFO] [net.minecraftforge.fml.loading.moddiscovery.JarInJarDependencyLocator/]: Found 5 dependencies adding them to mods collection
[28dec.2024 17:11:27.051] [main/INFO] [mixin/]: Compatibility level set to JAVA_17
[28dec.2024 17:11:27.061] [main/INFO] [cpw.mods.modlauncher.LaunchServiceHandler/MODLAUNCHER]: Launching target 'forgedatauserdev' with arguments [--gameDir, ., --assetsDir, C:\Users\aidan\.gradle\caches\forge_gradle\assets, --assetIndex, 5, --mod, pizzadelight, --all, --output, D:\OneDrive\Documenten\GitHub\Pizza-Delight-Forge\src\generated\resources, --existing, D:\OneDrive\Documenten\GitHub\Pizza-Delight-Forge\src\main\resources]
[28dec.2024 17:11:27.481] [main/WARN] [mixin/]: Error loading class: earth/terrarium/botarium/forge/BotariumForge (java.lang.ClassNotFoundException: earth.terrarium.botarium.forge.BotariumForge)
[28dec.2024 17:11:27.481] [main/WARN] [mixin/]: @Mixin target earth.terrarium.botarium.forge.BotariumForge was not found create_central_kitchen.mixins.json:common.botarium.BotariumForgeMixin
[28dec.2024 17:11:27.482] [main/WARN] [mixin/]: Error loading class: dan200/computercraft/shared/integration/MoreRedIntegration (java.lang.ClassNotFoundException: dan200.computercraft.shared.integration.MoreRedIntegration)
[28dec.2024 17:11:27.482] [main/WARN] [mixin/]: @Mixin target dan200.computercraft.shared.integration.MoreRedIntegration was not found create_central_kitchen.mixins.json:common.computercraft.MoreRedIntegrationMixin
[28dec.2024 17:11:27.509] [main/WARN] [mixin/]: Error loading class: com/sammy/minersdelight/content/block/copper_pot/CopperPotBlockEntity (java.lang.ClassNotFoundException: com.sammy.minersdelight.content.block.copper_pot.CopperPotBlockEntity)
[28dec.2024 17:11:27.509] [main/WARN] [mixin/]: @Mixin target com.sammy.minersdelight.content.block.copper_pot.CopperPotBlockEntity was not found create_central_kitchen.mixins.json:common.minersdelight.CopperPotBlockEntityMixin
[28dec.2024 17:11:27.510] [main/WARN] [mixin/]: Error loading class: com/sammy/minersdelight/content/block/sticky_basket/StickyBasketBlockEntity (java.lang.ClassNotFoundException: com.sammy.minersdelight.content.block.sticky_basket.StickyBasketBlockEntity)
[28dec.2024 17:11:27.510] [main/WARN] [mixin/]: @Mixin target com.sammy.minersdelight.content.block.sticky_basket.StickyBasketBlockEntity was not found create_central_kitchen.mixins.json:common.minersdelight.StickyBasketBlockEntityAccessor
[28dec.2024 17:11:27.512] [main/WARN] [mixin/]: Error loading class: com/sammy/minersdelight/content/block/sticky_basket/StickyBasketBlockEntity (java.lang.ClassNotFoundException: com.sammy.minersdelight.content.block.sticky_basket.StickyBasketBlockEntity)
[28dec.2024 17:11:27.512] [main/WARN] [mixin/]: @Mixin target com.sammy.minersdelight.content.block.sticky_basket.StickyBasketBlockEntity was not found create_central_kitchen.mixins.json:common.minersdelight.StickyBasketBlockEntityMixin
[28dec.2024 17:11:27.513] [main/WARN] [mixin/]: Error loading class: net/orcinus/overweightfarming/blocks/CropFullBlock (java.lang.ClassNotFoundException: net.orcinus.overweightfarming.blocks.CropFullBlock)
[28dec.2024 17:11:27.513] [main/WARN] [mixin/]: @Mixin target net.orcinus.overweightfarming.blocks.CropFullBlock was not found create_central_kitchen.mixins.json:common.overweightfarming.CropFullBlockMixin
[28dec.2024 17:11:27.745] [main/INFO] [net.minecraftforge.data.loading.DatagenModLoader/]: Initializing Data Gatherer for mods [pizzadelight]
[28dec.2024 17:11:27.832] [main/INFO] [MixinExtras|Service/]: Initializing MixinExtras via com.llamalad7.mixinextras.service.MixinExtrasServiceImpl(version=0.2.0).
[28dec.2024 17:11:27.843] [main/FATAL] [mixin/]: Mixin apply failed create.mixins.json:ContraptionDriverInteractMixin -> net.minecraft.world.entity.Entity: org.spongepowered.asm.mixin.transformer.throwables.InvalidMixinException @Shadow method m_20201_ in create.mixins.json:ContraptionDriverInteractMixin was not located in the target class net.minecraft.world.entity.Entity. Using refmap create.refmap.json
org.spongepowered.asm.mixin.transformer.throwables.InvalidMixinException: @Shadow method m_20201_ in create.mixins.json:ContraptionDriverInteractMixin was not located in the target class net.minecraft.world.entity.Entity. Using refmap create.refmap.json
	at org.spongepowered.asm.mixin.transformer.MixinPreProcessorStandard.attachSpecialMethod(MixinPreProcessorStandard.java:442) ~[mixin-0.8.5.jar:0.8.5+Jenkins-b310.git-155314e6e91465dad727e621a569906a410cd6f4]
	at org.spongepowered.asm.mixin.transformer.MixinPreProcessorStandard.attachShadowMethod(MixinPreProcessorStandard.java:415) ~[mixin-0.8.5.jar:0.8.5+Jenkins-b310.git-155314e6e91465dad727e621a569906a410cd6f4]
	at org.spongepowered.asm.mixin.transformer.MixinPreProcessorStandard.attachMethods(MixinPreProcessorStandard.java:343) ~[mixin-0.8.5.jar:0.8.5+Jenkins-b310.git-155314e6e91465dad727e621a569906a410cd6f4]
	at org.spongepowered.asm.mixin.transformer.MixinPreProcessorStandard.attach(MixinPreProcessorStandard.java:302) ~[mixin-0.8.5.jar:0.8.5+Jenkins-b310.git-155314e6e91465dad727e621a569906a410cd6f4]
	at org.spongepowered.asm.mixin.transformer.MixinPreProcessorStandard.createContextFor(MixinPreProcessorStandard.java:280) ~[mixin-0.8.5.jar:0.8.5+Jenkins-b310.git-155314e6e91465dad727e621a569906a410cd6f4]
	at org.spongepowered.asm.mixin.transformer.MixinInfo.createContextFor(MixinInfo.java:1288) ~[mixin-0.8.5.jar:0.8.5+Jenkins-b310.git-155314e6e91465dad727e621a569906a410cd6f4]
	at org.spongepowered.asm.mixin.transformer.MixinApplicatorStandard.apply(MixinApplicatorStandard.java:292) ~[mixin-0.8.5.jar:0.8.5+Jenkins-b310.git-155314e6e91465dad727e621a569906a410cd6f4]
	at org.spongepowered.asm.mixin.transformer.TargetClassContext.apply(TargetClassContext.java:383) ~[mixin-0.8.5.jar:0.8.5+Jenkins-b310.git-155314e6e91465dad727e621a569906a410cd6f4]
	at org.spongepowered.asm.mixin.transformer.TargetClassContext.applyMixins(TargetClassContext.java:365) ~[mixin-0.8.5.jar:0.8.5+Jenkins-b310.git-155314e6e91465dad727e621a569906a410cd6f4]
	at org.spongepowered.asm.mixin.transformer.MixinProcessor.applyMixins(MixinProcessor.java:363) ~[mixin-0.8.5.jar:0.8.5+Jenkins-b310.git-155314e6e91465dad727e621a569906a410cd6f4]
	at org.spongepowered.asm.mixin.transformer.MixinTransformer.transformClass(MixinTransformer.java:250) ~[mixin-0.8.5.jar:0.8.5+Jenkins-b310.git-155314e6e91465dad727e621a569906a410cd6f4]
	at org.spongepowered.asm.service.modlauncher.MixinTransformationHandler.processClass(MixinTransformationHandler.java:131) ~[mixin-0.8.5.jar:0.8.5+Jenkins-b310.git-155314e6e91465dad727e621a569906a410cd6f4]
	at org.spongepowered.asm.launch.MixinLaunchPluginLegacy.processClass(MixinLaunchPluginLegacy.java:131) ~[mixin-0.8.5.jar:0.8.5+Jenkins-b310.git-155314e6e91465dad727e621a569906a410cd6f4]
	at cpw.mods.modlauncher.serviceapi.ILaunchPluginService.processClassWithFlags(ILaunchPluginService.java:156) ~[modlauncher-10.0.9.jar:10.0.9+10.0.9+main.dcd20f30]
	at cpw.mods.modlauncher.LaunchPluginHandler.offerClassNodeToPlugins(LaunchPluginHandler.java:88) ~[modlauncher-10.0.9.jar:?]
	at cpw.mods.modlauncher.ClassTransformer.transform(ClassTransformer.java:120) ~[modlauncher-10.0.9.jar:?]
	at cpw.mods.modlauncher.TransformingClassLoader.maybeTransformClassBytes(TransformingClassLoader.java:50) ~[modlauncher-10.0.9.jar:?]
	at cpw.mods.cl.ModuleClassLoader.readerToClass(ModuleClassLoader.java:113) ~[securejarhandler-2.1.10.jar:?]
	at cpw.mods.cl.ModuleClassLoader.lambda$findClass$15(ModuleClassLoader.java:219) ~[securejarhandler-2.1.10.jar:?]
	at cpw.mods.cl.ModuleClassLoader.loadFromModule(ModuleClassLoader.java:229) ~[securejarhandler-2.1.10.jar:?]
	at cpw.mods.cl.ModuleClassLoader.findClass(ModuleClassLoader.java:219) ~[securejarhandler-2.1.10.jar:?]
	at cpw.mods.cl.ModuleClassLoader.loadClass(ModuleClassLoader.java:135) ~[securejarhandler-2.1.10.jar:?]
	at java.lang.ClassLoader.loadClass(ClassLoader.java:525) ~[?:?]
	at net.minecraftforge.registries.GameData.init(GameData.java:107) ~[forge-1.20.1-47.3.0_mapped_parchment_2023.09.03-1.20.1.jar:?]
	at net.minecraftforge.registries.GameData.<clinit>(GameData.java:93) ~[forge-1.20.1-47.3.0_mapped_parchment_2023.09.03-1.20.1.jar:?]
	at net.minecraft.core.registries.BuiltInRegistries.forge(BuiltInRegistries.java:429) ~[forge-1.20.1-47.3.0_mapped_parchment_2023.09.03-1.20.1.jar:?]
	at net.minecraft.core.registries.BuiltInRegistries.forge(BuiltInRegistries.java:409) ~[forge-1.20.1-47.3.0_mapped_parchment_2023.09.03-1.20.1.jar:?]
	at net.minecraft.core.registries.BuiltInRegistries.<clinit>(BuiltInRegistries.java:121) ~[forge-1.20.1-47.3.0_mapped_parchment_2023.09.03-1.20.1.jar:?]
	at net.minecraft.server.Bootstrap.bootStrap(Bootstrap.java:43) ~[forge-1.20.1-47.3.0_mapped_parchment_2023.09.03-1.20.1.jar:?]
	at net.minecraftforge.data.loading.DatagenModLoader.begin(DatagenModLoader.java:42) ~[forge-1.20.1-47.3.0_mapped_parchment_2023.09.03-1.20.1.jar:?]
	at net.minecraft.data.Main.main(Main.java:90) ~[forge-1.20.1-47.3.0_mapped_parchment_2023.09.03-1.20.1.jar:?]
	at jdk.internal.reflect.NativeMethodAccessorImpl.invoke0(Native Method) ~[?:?]
	at jdk.internal.reflect.NativeMethodAccessorImpl.invoke(NativeMethodAccessorImpl.java:77) ~[?:?]
	at jdk.internal.reflect.DelegatingMethodAccessorImpl.invoke(DelegatingMethodAccessorImpl.java:43) ~[?:?]
	at java.lang.reflect.Method.invoke(Method.java:569) ~[?:?]
	at net.minecraftforge.fml.loading.targets.CommonLaunchHandler.runTarget(CommonLaunchHandler.java:111) ~[fmlloader-1.20.1-47.3.0.jar:?]
	at net.minecraftforge.fml.loading.targets.CommonLaunchHandler.dataService(CommonLaunchHandler.java:107) ~[fmlloader-1.20.1-47.3.0.jar:?]
	at net.minecraftforge.fml.loading.targets.ForgeDataUserdevLaunchHandler.devService(ForgeDataUserdevLaunchHandler.java:22) ~[fmlloader-1.20.1-47.3.0.jar:?]
	at net.minecraftforge.fml.loading.targets.CommonDevLaunchHandler.lambda$makeService$7(CommonDevLaunchHandler.java:135) ~[fmlloader-1.20.1-47.3.0.jar:?]
	at cpw.mods.modlauncher.LaunchServiceHandlerDecorator.launch(LaunchServiceHandlerDecorator.java:30) ~[modlauncher-10.0.9.jar:?]
	at cpw.mods.modlauncher.LaunchServiceHandler.launch(LaunchServiceHandler.java:53) ~[modlauncher-10.0.9.jar:?]
	at cpw.mods.modlauncher.LaunchServiceHandler.launch(LaunchServiceHandler.java:71) ~[modlauncher-10.0.9.jar:?]
	at cpw.mods.modlauncher.Launcher.run(Launcher.java:108) ~[modlauncher-10.0.9.jar:?]
	at cpw.mods.modlauncher.Launcher.main(Launcher.java:78) ~[modlauncher-10.0.9.jar:?]
	at cpw.mods.modlauncher.BootstrapLaunchConsumer.accept(BootstrapLaunchConsumer.java:26) ~[modlauncher-10.0.9.jar:?]
	at cpw.mods.modlauncher.BootstrapLaunchConsumer.accept(BootstrapLaunchConsumer.java:23) ~[modlauncher-10.0.9.jar:?]
	at cpw.mods.bootstraplauncher.BootstrapLauncher.main(BootstrapLauncher.java:141) ~[bootstraplauncher-1.1.2.jar:?]
